<?xml version="1.0" encoding="UTF-8"?>
<!-- Generated by org.testng.reporters.JUnitReportReporter -->
<testsuite hostname="LAPTOP-VPVH4IKM" failures="0" tests="3" name="com.ddf.test.LoginTest.loginTest_v1" time="129.272" errors="0" timestamp="2021-10-16T09:23:54 IST" skipped="0">
  <testcase classname="com.ddf.test.LoginTest.loginTest_v1" name="testTwo" time="37.012"/>
  <system-out/>
  <testcase classname="com.ddf.test.LoginTest.loginTest_v1" name="testOne" time="62.869"/>
  <system-out/>
  <testcase classname="com.ddf.test.LoginTest.loginTest_v1" name="testThree" time="29.391"/>
  <system-out/>
</testsuite> <!-- com.ddf.test.LoginTest.loginTest_v1 -->
