<?xml version="1.0" encoding="UTF-8"?>
<!-- Generated by org.testng.reporters.JUnitReportReporter -->
<testsuite hostname="LAPTOP-VPVH4IKM" failures="0" tests="3" name="com.ddf.test.LoginTest.loginTest_v1" time="151.229" errors="0" timestamp="2021-10-09T14:36:22 IST" skipped="0">
  <testcase classname="com.ddf.test.LoginTest.loginTest_v1" name="testTwo" time="49.351"/>
  <system-out/>
  <testcase classname="com.ddf.test.LoginTest.loginTest_v1" name="testOne" time="68.921"/>
  <system-out/>
  <testcase classname="com.ddf.test.LoginTest.loginTest_v1" name="testThree" time="32.957"/>
  <system-out/>
</testsuite> <!-- com.ddf.test.LoginTest.loginTest_v1 -->
