<?xml version="1.0" encoding="UTF-8"?>
<!-- Generated by org.testng.reporters.JUnitReportReporter -->
<testsuite hostname="LAPTOP-VPVH4IKM" failures="0" tests="3" name="com.ddf.test.LoginTest.loginTest_v5" time="808.850" errors="0" timestamp="2021-10-11T13:11:12 IST" skipped="0">
  <testcase classname="com.ddf.test.LoginTest.loginTest_v5" name="testOne" time="261.140"/>
  <system-out/>
  <testcase classname="com.ddf.test.LoginTest.loginTest_v5" name="testOne" time="261.946"/>
  <system-out/>
  <testcase classname="com.ddf.test.LoginTest.loginTest_v5" name="testOne" time="285.764"/>
  <system-out/>
</testsuite> <!-- com.ddf.test.LoginTest.loginTest_v5 -->
