<?xml version="1.0" encoding="UTF-8"?>
<!-- Generated by org.testng.reporters.JUnitReportReporter -->
<testsuite hostname="LAPTOP-VPVH4IKM" failures="0" tests="1" name="com.ddf.test.LoginTest.loginTest_v6" time="63.016" errors="0" timestamp="2021-10-11T15:23:18 IST" skipped="0">
  <testcase classname="com.ddf.test.LoginTest.loginTest_v6" name="testOne" time="63.016"/>
  <system-out/>
</testsuite> <!-- com.ddf.test.LoginTest.loginTest_v6 -->
